This is pdfTeX, Version 3.141592653-2.6-1.40.26 (TeX Live 2024) (preloaded format=pdflatex 2025.2.17)  4 MAR 2025 14:14
entering extended mode
 restricted \write18 enabled.
 %&-line parsing enabled.
**Thesis-Vayloyan6.tex
(./Thesis-Vayloyan6.tex
LaTeX2e <2024-11-01> patch level 2
L3 programming layer <2025-01-18>
(c:/Users/vaylo/AppData/Roaming/TinyTeX/texmf-dist/tex/latex/base/article.cls
Document Class: article 2024/06/29 v1.4n Standard LaTeX document class
(c:/Users/vaylo/AppData/Roaming/TinyTeX/texmf-dist/tex/latex/base/size10.clo
File: size10.clo 2024/06/29 v1.4n Standard LaTeX file (size option)
)
\c@part=\count196
\c@section=\count197
\c@subsection=\count198
\c@subsubsection=\count199
\c@paragraph=\count266
\c@subparagraph=\count267
\c@figure=\count268
\c@table=\count269
\abovecaptionskip=\skip49
\belowcaptionskip=\skip50
\bibindent=\dimen141
) (c:/Users/vaylo/AppData/Roaming/TinyTeX/texmf-dist/tex/latex/xcolor/xcolor.sty
Package: xcolor 2024/09/29 v3.02 LaTeX color extensions (UK)
(c:/Users/vaylo/AppData/Roaming/TinyTeX/texmf-dist/tex/latex/graphics-cfg/color.cfg
File: color.cfg 2016/01/02 v1.6 sample color configuration
)
Package xcolor Info: Driver file: pdftex.def on input line 274.
(c:/Users/vaylo/AppData/Roaming/TinyTeX/texmf-dist/tex/latex/graphics-def/pdftex.def
File: pdftex.def 2024/04/13 v1.2c Graphics/color driver for pdftex
) (c:/Users/vaylo/AppData/Roaming/TinyTeX/texmf-dist/tex/latex/graphics/mathcolor.ltx)
Package xcolor Info: Model `cmy' substituted by `cmy0' on input line 1349.
Package xcolor Info: Model `hsb' substituted by `rgb' on input line 1353.
Package xcolor Info: Model `RGB' extended on input line 1365.
Package xcolor Info: Model `HTML' substituted by `rgb' on input line 1367.
Package xcolor Info: Model `Hsb' substituted by `hsb' on input line 1368.
Package xcolor Info: Model `tHsb' substituted by `hsb' on input line 1369.
Package xcolor Info: Model `HSB' substituted by `hsb' on input line 1370.
Package xcolor Info: Model `Gray' substituted by `gray' on input line 1371.
Package xcolor Info: Model `wave' substituted by `hsb' on input line 1372.
) (c:/Users/vaylo/AppData/Roaming/TinyTeX/texmf-dist/tex/latex/geometry/geometry.sty
Package: geometry 2020/01/02 v5.9 Page Geometry
(c:/Users/vaylo/AppData/Roaming/TinyTeX/texmf-dist/tex/latex/graphics/keyval.sty
Package: keyval 2022/05/29 v1.15 key=value parser (DPC)
\KV@toks@=\toks17
) (c:/Users/vaylo/AppData/Roaming/TinyTeX/texmf-dist/tex/generic/iftex/ifvtex.sty
Package: ifvtex 2019/10/25 v1.7 ifvtex legacy package. Use iftex instead.
(c:/Users/vaylo/AppData/Roaming/TinyTeX/texmf-dist/tex/generic/iftex/iftex.sty
Package: iftex 2024/12/12 v1.0g TeX engine tests
))
\Gm@cnth=\count270
\Gm@cntv=\count271
\c@Gm@tempcnt=\count272
\Gm@bindingoffset=\dimen142
\Gm@wd@mp=\dimen143
\Gm@odd@mp=\dimen144
\Gm@even@mp=\dimen145
\Gm@layoutwidth=\dimen146
\Gm@layoutheight=\dimen147
\Gm@layouthoffset=\dimen148
\Gm@layoutvoffset=\dimen149
\Gm@dimlist=\toks18
) (c:/Users/vaylo/AppData/Roaming/TinyTeX/texmf-dist/tex/latex/amsmath/amsmath.sty
Package: amsmath 2024/11/05 v2.17t AMS math features
\@mathmargin=\skip51
For additional information on amsmath, use the `?' option.
(c:/Users/vaylo/AppData/Roaming/TinyTeX/texmf-dist/tex/latex/amsmath/amstext.sty
Package: amstext 2021/08/26 v2.01 AMS text
(c:/Users/vaylo/AppData/Roaming/TinyTeX/texmf-dist/tex/latex/amsmath/amsgen.sty
File: amsgen.sty 1999/11/30 v2.0 generic functions
\@emptytoks=\toks19
\ex@=\dimen150
)) (c:/Users/vaylo/AppData/Roaming/TinyTeX/texmf-dist/tex/latex/amsmath/amsbsy.sty
Package: amsbsy 1999/11/29 v1.2d Bold Symbols
\pmbraise@=\dimen151
) (c:/Users/vaylo/AppData/Roaming/TinyTeX/texmf-dist/tex/latex/amsmath/amsopn.sty
Package: amsopn 2022/04/08 v2.04 operator names
)
\inf@bad=\count273
LaTeX Info: Redefining \frac on input line 233.
\uproot@=\count274
\leftroot@=\count275
LaTeX Info: Redefining \overline on input line 398.
LaTeX Info: Redefining \colon on input line 409.
\classnum@=\count276
\DOTSCASE@=\count277
LaTeX Info: Redefining \ldots on input line 495.
LaTeX Info: Redefining \dots on input line 498.
LaTeX Info: Redefining \cdots on input line 619.
\Mathstrutbox@=\box52
\strutbox@=\box53
LaTeX Info: Redefining \big on input line 721.
LaTeX Info: Redefining \Big on input line 722.
LaTeX Info: Redefining \bigg on input line 723.
LaTeX Info: Redefining \Bigg on input line 724.
\big@size=\dimen152
LaTeX Font Info:    Redeclaring font encoding OML on input line 742.
LaTeX Font Info:    Redeclaring font encoding OMS on input line 743.
\macc@depth=\count278
LaTeX Info: Redefining \bmod on input line 904.
LaTeX Info: Redefining \pmod on input line 909.
LaTeX Info: Redefining \smash on input line 939.
LaTeX Info: Redefining \relbar on input line 969.
LaTeX Info: Redefining \Relbar on input line 970.
\c@MaxMatrixCols=\count279
\dotsspace@=\muskip17
\c@parentequation=\count280
\dspbrk@lvl=\count281
\tag@help=\toks20
\row@=\count282
\column@=\count283
\maxfields@=\count284
\andhelp@=\toks21
\eqnshift@=\dimen153
\alignsep@=\dimen154
\tagshift@=\dimen155
\tagwidth@=\dimen156
\totwidth@=\dimen157
\lineht@=\dimen158
\@envbody=\toks22
\multlinegap=\skip52
\multlinetaggap=\skip53
\mathdisplay@stack=\toks23
LaTeX Info: Redefining \[ on input line 2953.
LaTeX Info: Redefining \] on input line 2954.
) (c:/Users/vaylo/AppData/Roaming/TinyTeX/texmf-dist/tex/latex/amsfonts/amssymb.sty
Package: amssymb 2013/01/14 v3.01 AMS font symbols
(c:/Users/vaylo/AppData/Roaming/TinyTeX/texmf-dist/tex/latex/amsfonts/amsfonts.sty
Package: amsfonts 2013/01/14 v3.01 Basic AMSFonts support
\symAMSa=\mathgroup4
\symAMSb=\mathgroup5
LaTeX Font Info:    Redeclaring math symbol \hbar on input line 98.
LaTeX Font Info:    Overwriting math alphabet `\mathfrak' in version `bold'
(Font)                  U/euf/m/n --> U/euf/b/n on input line 106.
)) (c:/Users/vaylo/AppData/Roaming/TinyTeX/texmf-dist/tex/latex/base/fontenc.sty
Package: fontenc 2021/04/29 v2.0v Standard LaTeX package
) (c:/Users/vaylo/AppData/Roaming/TinyTeX/texmf-dist/tex/latex/base/inputenc.sty
Package: inputenc 2024/02/08 v1.3d Input encoding file
\inpenc@prehook=\toks24
\inpenc@posthook=\toks25
) (c:/Users/vaylo/AppData/Roaming/TinyTeX/texmf-dist/tex/latex/base/textcomp.sty
Package: textcomp 2024/04/24 v2.1b Standard LaTeX package
) (c:/Users/vaylo/AppData/Roaming/TinyTeX/texmf-dist/tex/latex/lm/lmodern.sty
Package: lmodern 2015/05/01 v1.6.1 Latin Modern Fonts
LaTeX Font Info:    Overwriting symbol font `operators' in version `normal'
(Font)                  OT1/cmr/m/n --> OT1/lmr/m/n on input line 22.
LaTeX Font Info:    Overwriting symbol font `letters' in version `normal'
(Font)                  OML/cmm/m/it --> OML/lmm/m/it on input line 23.
LaTeX Font Info:    Overwriting symbol font `symbols' in version `normal'
(Font)                  OMS/cmsy/m/n --> OMS/lmsy/m/n on input line 24.
LaTeX Font Info:    Overwriting symbol font `largesymbols' in version `normal'
(Font)                  OMX/cmex/m/n --> OMX/lmex/m/n on input line 25.
LaTeX Font Info:    Overwriting symbol font `operators' in version `bold'
(Font)                  OT1/cmr/bx/n --> OT1/lmr/bx/n on input line 26.
LaTeX Font Info:    Overwriting symbol font `letters' in version `bold'
(Font)                  OML/cmm/b/it --> OML/lmm/b/it on input line 27.
LaTeX Font Info:    Overwriting symbol font `symbols' in version `bold'
(Font)                  OMS/cmsy/b/n --> OMS/lmsy/b/n on input line 28.
LaTeX Font Info:    Overwriting symbol font `largesymbols' in version `bold'
(Font)                  OMX/cmex/m/n --> OMX/lmex/m/n on input line 29.
LaTeX Font Info:    Overwriting math alphabet `\mathbf' in version `normal'
(Font)                  OT1/cmr/bx/n --> OT1/lmr/bx/n on input line 31.
LaTeX Font Info:    Overwriting math alphabet `\mathsf' in version `normal'
(Font)                  OT1/cmss/m/n --> OT1/lmss/m/n on input line 32.
LaTeX Font Info:    Overwriting math alphabet `\mathit' in version `normal'
(Font)                  OT1/cmr/m/it --> OT1/lmr/m/it on input line 33.
LaTeX Font Info:    Overwriting math alphabet `\mathtt' in version `normal'
(Font)                  OT1/cmtt/m/n --> OT1/lmtt/m/n on input line 34.
LaTeX Font Info:    Overwriting math alphabet `\mathbf' in version `bold'
(Font)                  OT1/cmr/bx/n --> OT1/lmr/bx/n on input line 35.
LaTeX Font Info:    Overwriting math alphabet `\mathsf' in version `bold'
(Font)                  OT1/cmss/bx/n --> OT1/lmss/bx/n on input line 36.
LaTeX Font Info:    Overwriting math alphabet `\mathit' in version `bold'
(Font)                  OT1/cmr/bx/it --> OT1/lmr/bx/it on input line 37.
LaTeX Font Info:    Overwriting math alphabet `\mathtt' in version `bold'
(Font)                  OT1/cmtt/m/n --> OT1/lmtt/m/n on input line 38.
) (c:/Users/vaylo/AppData/Roaming/TinyTeX/texmf-dist/tex/latex/fancyvrb/fancyvrb.sty
Package: fancyvrb 2024/01/20 4.5c verbatim text (tvz,hv)
\FV@CodeLineNo=\count285
\FV@InFile=\read2
\FV@TabBox=\box54
\c@FancyVerbLine=\count286
\FV@StepNumber=\count287
\FV@OutFile=\write3
) (c:/Users/vaylo/AppData/Roaming/TinyTeX/texmf-dist/tex/latex/framed/framed.sty
Package: framed 2011/10/22 v 0.96: framed or shaded text with page breaks
\OuterFrameSep=\skip54
\fb@frw=\dimen159
\fb@frh=\dimen160
\FrameRule=\dimen161
\FrameSep=\dimen162
) (c:/Users/vaylo/AppData/Roaming/TinyTeX/texmf-dist/tex/latex/tools/longtable.sty
Package: longtable 2024-10-27 v4.22 Multi-page Table package (DPC)
\LTleft=\skip55
\LTright=\skip56
\LTpre=\skip57
\LTpost=\skip58
\LTchunksize=\count288
\LTcapwidth=\dimen163
\LT@head=\box55
\LT@firsthead=\box56
\LT@foot=\box57
\LT@lastfoot=\box58
\LT@gbox=\box59
\LT@cols=\count289
\LT@rows=\count290
\c@LT@tables=\count291
\c@LT@chunks=\count292
\LT@p@ftn=\toks26
) (c:/Users/vaylo/AppData/Roaming/TinyTeX/texmf-dist/tex/latex/booktabs/booktabs.sty
Package: booktabs 2020/01/12 v1.61803398 Publication quality tables
\heavyrulewidth=\dimen164
\lightrulewidth=\dimen165
\cmidrulewidth=\dimen166
\belowrulesep=\dimen167
\belowbottomsep=\dimen168
\aboverulesep=\dimen169
\abovetopsep=\dimen170
\cmidrulesep=\dimen171
\cmidrulekern=\dimen172
\defaultaddspace=\dimen173
\@cmidla=\count293
\@cmidlb=\count294
\@aboverulesep=\dimen174
\@belowrulesep=\dimen175
\@thisruleclass=\count295
\@lastruleclass=\count296
\@thisrulewidth=\dimen176
) (c:/Users/vaylo/AppData/Roaming/TinyTeX/texmf-dist/tex/latex/tools/array.sty
Package: array 2024/10/17 v2.6g Tabular extension package (FMi)
\col@sep=\dimen177
\ar@mcellbox=\box60
\extrarowheight=\dimen178
\NC@list=\toks27
\extratabsurround=\skip59
\backup@length=\skip60
\ar@cellbox=\box61
) (c:/Users/vaylo/AppData/Roaming/TinyTeX/texmf-dist/tex/latex/tools/calc.sty
Package: calc 2023/07/08 v4.3 Infix arithmetic (KKT,FJ)
\calc@Acount=\count297
\calc@Bcount=\count298
\calc@Adimen=\dimen179
\calc@Bdimen=\dimen180
\calc@Askip=\skip61
\calc@Bskip=\skip62
LaTeX Info: Redefining \setlength on input line 80.
LaTeX Info: Redefining \addtolength on input line 81.
\calc@Ccount=\count299
\calc@Cskip=\skip63
) (c:/Users/vaylo/AppData/Roaming/TinyTeX/texmf-dist/tex/latex/etoolbox/etoolbox.sty
Package: etoolbox 2025/02/11 v2.5l e-TeX tools for LaTeX (JAW)
\etb@tempcnta=\count300
) (c:/Users/vaylo/AppData/Roaming/TinyTeX/texmf-dist/tex/latex/mdwtools/footnote.sty
Package: footnote 1997/01/28 1.13 Save footnotes around boxes
\fn@notes=\box62
\fn@width=\dimen181
) (c:/Users/vaylo/AppData/Roaming/TinyTeX/texmf-dist/tex/latex/graphics/graphicx.sty
Package: graphicx 2021/09/16 v1.2d Enhanced LaTeX Graphics (DPC,SPQR)
(c:/Users/vaylo/AppData/Roaming/TinyTeX/texmf-dist/tex/latex/graphics/graphics.sty
Package: graphics 2024/08/06 v1.4g Standard LaTeX Graphics (DPC,SPQR)
(c:/Users/vaylo/AppData/Roaming/TinyTeX/texmf-dist/tex/latex/graphics/trig.sty
Package: trig 2023/12/02 v1.11 sin cos tan (DPC)
) (c:/Users/vaylo/AppData/Roaming/TinyTeX/texmf-dist/tex/latex/graphics-cfg/graphics.cfg
File: graphics.cfg 2016/06/04 v1.11 sample graphics configuration
)
Package graphics Info: Driver file: pdftex.def on input line 106.
)
\Gin@req@height=\dimen182
\Gin@req@width=\dimen183
)
\pandoc@box=\box63
(c:/Users/vaylo/AppData/Roaming/TinyTeX/texmf-dist/tex/generic/soul/soul.sty
Package: soul 2023-06-14 v3.1 Permit use of UTF-8 characters in soul (HO)
(c:/Users/vaylo/AppData/Roaming/TinyTeX/texmf-dist/tex/generic/soul/soul-ori.sty
Package: soul-ori 2023-06-14 v3.1 letterspacing/underlining (mf)
\SOUL@word=\toks28
\SOUL@lasttoken=\toks29
\SOUL@syllable=\toks30
\SOUL@cmds=\toks31
\SOUL@buffer=\toks32
\SOUL@token=\toks33
\SOUL@syllgoal=\dimen184
\SOUL@syllwidth=\dimen185
\SOUL@charkern=\dimen186
\SOUL@hyphkern=\dimen187
\SOUL@dimen=\dimen188
\SOUL@dimeni=\dimen189
\SOUL@minus=\count301
\SOUL@comma=\count302
\SOUL@apo=\count303
\SOUL@grave=\count304
\SOUL@spaceskip=\skip64
\SOUL@ttwidth=\dimen190
\SOUL@uldp=\dimen191
\SOUL@ulht=\dimen192
) (c:/Users/vaylo/AppData/Roaming/TinyTeX/texmf-dist/tex/generic/infwarerr/infwarerr.sty
Package: infwarerr 2019/12/03 v1.5 Providing info/warning/error messages (HO)
) (c:/Users/vaylo/AppData/Roaming/TinyTeX/texmf-dist/tex/generic/etexcmds/etexcmds.sty
Package: etexcmds 2019/12/15 v1.7 Avoid name clashes with e-TeX commands (HO)
))
\cslhangindent=\skip65
\csllabelwidth=\skip66
(./preamble2.tex (c:/Users/vaylo/AppData/Roaming/TinyTeX/texmf-dist/tex/latex/tocloft/tocloft.sty
Package: tocloft 2017/08/31 v2.3i parameterised ToC, etc., typesetting
Package tocloft Info: The document has section divisions on input line 51.
\cftparskip=\skip67
\cftbeforetoctitleskip=\skip68
\cftaftertoctitleskip=\skip69
\cftbeforepartskip=\skip70
\cftpartnumwidth=\skip71
\cftpartindent=\skip72
\cftbeforesecskip=\skip73
\cftsecindent=\skip74
\cftsecnumwidth=\skip75
\cftbeforesubsecskip=\skip76
\cftsubsecindent=\skip77
\cftsubsecnumwidth=\skip78
\cftbeforesubsubsecskip=\skip79
\cftsubsubsecindent=\skip80
\cftsubsubsecnumwidth=\skip81
\cftbeforeparaskip=\skip82
\cftparaindent=\skip83
\cftparanumwidth=\skip84
\cftbeforesubparaskip=\skip85
\cftsubparaindent=\skip86
\cftsubparanumwidth=\skip87
\cftbeforeloftitleskip=\skip88
\cftafterloftitleskip=\skip89
\cftbeforefigskip=\skip90
\cftfigindent=\skip91
\cftfignumwidth=\skip92
\c@lofdepth=\count305
\c@lotdepth=\count306
\cftbeforelottitleskip=\skip93
\cftafterlottitleskip=\skip94
\cftbeforetabskip=\skip95
\cfttabindent=\skip96
\cfttabnumwidth=\skip97
) (c:/Users/vaylo/AppData/Roaming/TinyTeX/texmf-dist/tex/latex/titling/titling.sty
Package: titling 2009/09/04 v2.1d maketitle typesetting
\thanksmarkwidth=\skip98
\thanksmargin=\skip99
\droptitle=\skip100
) (c:/Users/vaylo/AppData/Roaming/TinyTeX/texmf-dist/tex/latex/fancyhdr/fancyhdr.sty
Package: fancyhdr 2025/02/07 v5.2 Extensive control of page headers and footers
\f@nch@headwidth=\skip101
\f@nch@offset@elh=\skip102
\f@nch@offset@erh=\skip103
\f@nch@offset@olh=\skip104
\f@nch@offset@orh=\skip105
\f@nch@offset@elf=\skip106
\f@nch@offset@erf=\skip107
\f@nch@offset@olf=\skip108
\f@nch@offset@orf=\skip109
\f@nch@height=\skip110
\f@nch@footalignment=\skip111
\f@nch@widthL=\skip112
\f@nch@widthC=\skip113
\f@nch@widthR=\skip114
\@temptokenb=\toks34
) (c:/Users/vaylo/AppData/Roaming/TinyTeX/texmf-dist/tex/latex/lastpage/lastpage.sty
Package: lastpage 2025/01/27 v2.1e lastpage: 2.09 or 2e? (HMM)
(c:/Users/vaylo/AppData/Roaming/TinyTeX/texmf-dist/tex/latex/lastpage/lastpage2e.sty
Package: lastpage2e 2025/01/27 v2.1e Decide which 2e lastpage version to use (HMM)
(c:/Users/vaylo/AppData/Roaming/TinyTeX/texmf-dist/tex/latex/lastpage/lastpagemodern.sty
Package: lastpagemodern 2025-01-27 v2.1e Refers to last page's name (HMM; JPG)
\c@lastpagecount=\count307
) 
)) (c:/Users/vaylo/AppData/Roaming/TinyTeX/texmf-dist/tex/latex/float/float.sty
Package: float 2001/11/08 v1.3d Float enhancements (AL)
\c@float@type=\count308
\float@exts=\toks35
\float@box=\box64
\@float@everytoks=\toks36
\@floatcapt=\box65
) (c:/Users/vaylo/AppData/Roaming/TinyTeX/texmf-dist/tex/latex/placeins/placeins.sty
Package: placeins 2005/04/18  v 2.2
) (c:/Users/vaylo/AppData/Roaming/TinyTeX/texmf-dist/tex/latex/setspace/setspace.sty
Package: setspace 2022/12/04 v6.7b set line spacing
)) (c:/Users/vaylo/AppData/Roaming/TinyTeX/texmf-dist/tex/latex/multirow/multirow.sty
Package: multirow 2024/11/12 v2.9 Span multiple rows of a table
\multirow@colwidth=\skip115
\multirow@cntb=\count309
\multirow@dima=\skip116
\bigstrutjot=\dimen193
) (c:/Users/vaylo/AppData/Roaming/TinyTeX/texmf-dist/tex/latex/wrapfig/wrapfig.sty
\wrapoverhang=\dimen194
\WF@size=\dimen195
\c@WF@wrappedlines=\count310
\WF@box=\box66
\WF@everypar=\toks37
Package: wrapfig 2003/01/31  v 3.6
) (c:/Users/vaylo/AppData/Roaming/TinyTeX/texmf-dist/tex/latex/colortbl/colortbl.sty
Package: colortbl 2024/07/06 v1.0i Color table columns (DPC)
\everycr=\toks38
\minrowclearance=\skip117
\rownum=\count311
) (c:/Users/vaylo/AppData/Roaming/TinyTeX/texmf-dist/tex/latex/pdflscape/pdflscape.sty
Package: pdflscape 2022-10-27 v0.13 Display of landscape pages in PDF
(c:/Users/vaylo/AppData/Roaming/TinyTeX/texmf-dist/tex/latex/pdflscape/pdflscape-nometadata.sty
Package: pdflscape-nometadata 2022-10-28 v0.13 Display of landscape pages in PDF (HO)
(c:/Users/vaylo/AppData/Roaming/TinyTeX/texmf-dist/tex/latex/graphics/lscape.sty
Package: lscape 2020/05/28 v3.02 Landscape Pages (DPC)
)
Package pdflscape Info: Auto-detected driver: pdftex on input line 81.
)) (c:/Users/vaylo/AppData/Roaming/TinyTeX/texmf-dist/tex/latex/tabu/tabu.sty
Package: tabu 2019/01/11 v2.9 - flexible LaTeX tabulars (FC+tabu-fixed)
(c:/Users/vaylo/AppData/Roaming/TinyTeX/texmf-dist/tex/latex/varwidth/varwidth.sty
Package: varwidth 2009/03/30 ver 0.92;  Variable-width minipages
\@vwid@box=\box67
\sift@deathcycles=\count312
\@vwid@loff=\dimen196
\@vwid@roff=\dimen197
)
\c@taburow=\count313
\tabu@nbcols=\count314
\tabu@cnt=\count315
\tabu@Xcol=\count316
\tabu@alloc=\count317
\tabu@nested=\count318
\tabu@target=\dimen198
\tabu@spreadtarget=\dimen199
\tabu@naturalX=\dimen256
\tabucolX=\dimen257
\tabu@Xsum=\dimen258
\extrarowdepth=\dimen259
\abovetabulinesep=\dimen260
\belowtabulinesep=\dimen261
\tabustrutrule=\dimen262
\tabu@thebody=\toks39
\tabu@footnotes=\toks40
\tabu@box=\box68
\tabu@arstrutbox=\box69
\tabu@hleads=\box70
\tabu@vleads=\box71
\tabu@cellskip=\skip118
) (c:/Users/vaylo/AppData/Roaming/TinyTeX/texmf-dist/tex/latex/threeparttable/threeparttable.sty
Package: threeparttable 2003/06/13  v 3.0
\@tempboxb=\box72
) (c:/Users/vaylo/AppData/Roaming/TinyTeX/texmf-dist/tex/latex/threeparttablex/threeparttablex.sty
Package: threeparttablex 2013/07/23 v0.3 by daleif
(c:/Users/vaylo/AppData/Roaming/TinyTeX/texmf-dist/tex/latex/environ/environ.sty
Package: environ 2014/05/04 v0.3 A new way to define environments
(c:/Users/vaylo/AppData/Roaming/TinyTeX/texmf-dist/tex/latex/trimspaces/trimspaces.sty
Package: trimspaces 2009/09/17 v1.1 Trim spaces around a token list
))
\TPTL@width=\skip119
) (c:/Users/vaylo/AppData/Roaming/TinyTeX/texmf-dist/tex/generic/ulem/ulem.sty
\UL@box=\box73
\UL@hyphenbox=\box74
\UL@skip=\skip120
\UL@hook=\toks41
\UL@height=\dimen263
\UL@pe=\count319
\UL@pixel=\dimen264
\ULC@box=\box75
Package: ulem 2019/11/18
\ULdepth=\dimen265
) (c:/Users/vaylo/AppData/Roaming/TinyTeX/texmf-dist/tex/latex/makecell/makecell.sty
Package: makecell 2009/08/03 V0.1e Managing of Tab Column Heads and Cells
\rotheadsize=\dimen266
\c@nlinenum=\count320
\TeXr@lab=\toks42
) (c:/Users/vaylo/AppData/Roaming/TinyTeX/texmf-dist/tex/latex/bookmark/bookmark.sty
Package: bookmark 2023-12-10 v1.31 PDF bookmarks (HO)
(c:/Users/vaylo/AppData/Roaming/TinyTeX/texmf-dist/tex/latex/hyperref/hyperref.sty
Package: hyperref 2024-11-05 v7.01l Hypertext links for LaTeX
(c:/Users/vaylo/AppData/Roaming/TinyTeX/texmf-dist/tex/latex/kvsetkeys/kvsetkeys.sty
Package: kvsetkeys 2022-10-05 v1.19 Key value parser (HO)
) (c:/Users/vaylo/AppData/Roaming/TinyTeX/texmf-dist/tex/generic/kvdefinekeys/kvdefinekeys.sty
Package: kvdefinekeys 2019-12-19 v1.6 Define keys (HO)
) (c:/Users/vaylo/AppData/Roaming/TinyTeX/texmf-dist/tex/generic/pdfescape/pdfescape.sty
Package: pdfescape 2019/12/09 v1.15 Implements pdfTeX's escape features (HO)
(c:/Users/vaylo/AppData/Roaming/TinyTeX/texmf-dist/tex/generic/ltxcmds/ltxcmds.sty
Package: ltxcmds 2023-12-04 v1.26 LaTeX kernel commands for general use (HO)
) (c:/Users/vaylo/AppData/Roaming/TinyTeX/texmf-dist/tex/generic/pdftexcmds/pdftexcmds.sty
Package: pdftexcmds 2020-06-27 v0.33 Utility functions of pdfTeX for LuaTeX (HO)
Package pdftexcmds Info: \pdf@primitive is available.
Package pdftexcmds Info: \pdf@ifprimitive is available.
Package pdftexcmds Info: \pdfdraftmode found.
)) (c:/Users/vaylo/AppData/Roaming/TinyTeX/texmf-dist/tex/latex/hycolor/hycolor.sty
Package: hycolor 2020-01-27 v1.10 Color options for hyperref/bookmark (HO)
) (c:/Users/vaylo/AppData/Roaming/TinyTeX/texmf-dist/tex/latex/hyperref/nameref.sty
Package: nameref 2023-11-26 v2.56 Cross-referencing by name of section
(c:/Users/vaylo/AppData/Roaming/TinyTeX/texmf-dist/tex/latex/refcount/refcount.sty
Package: refcount 2019/12/15 v3.6 Data extraction from label references (HO)
) (c:/Users/vaylo/AppData/Roaming/TinyTeX/texmf-dist/tex/generic/gettitlestring/gettitlestring.sty
Package: gettitlestring 2019/12/15 v1.6 Cleanup title references (HO)
(c:/Users/vaylo/AppData/Roaming/TinyTeX/texmf-dist/tex/latex/kvoptions/kvoptions.sty
Package: kvoptions 2022-06-15 v3.15 Key value format for package options (HO)
))
\c@section@level=\count321
) (c:/Users/vaylo/AppData/Roaming/TinyTeX/texmf-dist/tex/generic/stringenc/stringenc.sty
Package: stringenc 2019/11/29 v1.12 Convert strings between diff. encodings (HO)
)
\@linkdim=\dimen267
\Hy@linkcounter=\count322
\Hy@pagecounter=\count323
(c:/Users/vaylo/AppData/Roaming/TinyTeX/texmf-dist/tex/latex/hyperref/pd1enc.def
File: pd1enc.def 2024-11-05 v7.01l Hyperref: PDFDocEncoding definition (HO)
Now handling font encoding PD1 ...
... no UTF-8 mapping file for font encoding PD1
) (c:/Users/vaylo/AppData/Roaming/TinyTeX/texmf-dist/tex/generic/intcalc/intcalc.sty
Package: intcalc 2019/12/15 v1.3 Expandable calculations with integers (HO)
)
\Hy@SavedSpaceFactor=\count324
(c:/Users/vaylo/AppData/Roaming/TinyTeX/texmf-dist/tex/latex/hyperref/puenc.def
File: puenc.def 2024-11-05 v7.01l Hyperref: PDF Unicode definition (HO)
Now handling font encoding PU ...
... no UTF-8 mapping file for font encoding PU
)
Package hyperref Info: Option `unicode' set `true' on input line 4040.
Package hyperref Info: Hyper figures OFF on input line 4157.
Package hyperref Info: Link nesting OFF on input line 4162.
Package hyperref Info: Hyper index ON on input line 4165.
Package hyperref Info: Plain pages OFF on input line 4172.
Package hyperref Info: Backreferencing OFF on input line 4177.
Package hyperref Info: Implicit mode ON; LaTeX internals redefined.
Package hyperref Info: Bookmarks ON on input line 4424.
\c@Hy@tempcnt=\count325
(c:/Users/vaylo/AppData/Roaming/TinyTeX/texmf-dist/tex/latex/url/url.sty
\Urlmuskip=\muskip18
Package: url 2013/09/16  ver 3.4  Verb mode for urls, etc.
)
LaTeX Info: Redefining \url on input line 4763.
\XeTeXLinkMargin=\dimen268
(c:/Users/vaylo/AppData/Roaming/TinyTeX/texmf-dist/tex/generic/bitset/bitset.sty
Package: bitset 2019/12/09 v1.3 Handle bit-vector datatype (HO)
(c:/Users/vaylo/AppData/Roaming/TinyTeX/texmf-dist/tex/generic/bigintcalc/bigintcalc.sty
Package: bigintcalc 2019/12/15 v1.5 Expandable calculations on big integers (HO)
))
\Fld@menulength=\count326
\Field@Width=\dimen269
\Fld@charsize=\dimen270
Package hyperref Info: Hyper figures OFF on input line 6042.
Package hyperref Info: Link nesting OFF on input line 6047.
Package hyperref Info: Hyper index ON on input line 6050.
Package hyperref Info: backreferencing OFF on input line 6057.
Package hyperref Info: Link coloring OFF on input line 6062.
Package hyperref Info: Link coloring with OCG OFF on input line 6067.
Package hyperref Info: PDF/A mode OFF on input line 6072.
(c:/Users/vaylo/AppData/Roaming/TinyTeX/texmf-dist/tex/latex/base/atbegshi-ltx.sty
Package: atbegshi-ltx 2021/01/10 v1.0c Emulation of the original atbegshi
package with kernel methods
)
\Hy@abspage=\count327
\c@Item=\count328
\c@Hfootnote=\count329
)
Package hyperref Info: Driver (autodetected): hpdftex.
(c:/Users/vaylo/AppData/Roaming/TinyTeX/texmf-dist/tex/latex/hyperref/hpdftex.def
File: hpdftex.def 2024-11-05 v7.01l Hyperref driver for pdfTeX
(c:/Users/vaylo/AppData/Roaming/TinyTeX/texmf-dist/tex/latex/base/atveryend-ltx.sty
Package: atveryend-ltx 2020/08/19 v1.0a Emulation of the original atveryend package
with kernel methods
)
\Fld@listcount=\count330
\c@bookmark@seq@number=\count331
(c:/Users/vaylo/AppData/Roaming/TinyTeX/texmf-dist/tex/latex/rerunfilecheck/rerunfilecheck.sty
Package: rerunfilecheck 2022-07-10 v1.10 Rerun checks for auxiliary files (HO)
(c:/Users/vaylo/AppData/Roaming/TinyTeX/texmf-dist/tex/generic/uniquecounter/uniquecounter.sty
Package: uniquecounter 2019/12/15 v1.4 Provide unlimited unique counter (HO)
)
Package uniquecounter Info: New unique counter `rerunfilecheck' on input line 285.
)
\Hy@SectionHShift=\skip121
) (c:/Users/vaylo/AppData/Roaming/TinyTeX/texmf-dist/tex/latex/bookmark/bkm-pdftex.def
File: bkm-pdftex.def 2023-12-10 v1.31 bookmark driver for pdfTeX and luaTeX (HO)
\BKM@id=\count332
))
LaTeX Font Info:    Trying to load font information for T1+lmr on input line 172.
(c:/Users/vaylo/AppData/Roaming/TinyTeX/texmf-dist/tex/latex/lm/t1lmr.fd
File: t1lmr.fd 2015/05/01 v1.6.1 Font defs for Latin Modern
) (c:/Users/vaylo/AppData/Roaming/TinyTeX/texmf-dist/tex/latex/l3backend/l3backend-pdftex.def
File: l3backend-pdftex.def 2024-05-08 L3 backend support: PDF output (pdfTeX)
\l__color_backend_stack_int=\count333
\l__pdf_internal_box=\box76
)
No file Thesis-Vayloyan6.aux.
\openout1 = `Thesis-Vayloyan6.aux'.

LaTeX Font Info:    Checking defaults for OML/cmm/m/it on input line 172.
LaTeX Font Info:    ... okay on input line 172.
LaTeX Font Info:    Checking defaults for OMS/cmsy/m/n on input line 172.
LaTeX Font Info:    ... okay on input line 172.
LaTeX Font Info:    Checking defaults for OT1/cmr/m/n on input line 172.
LaTeX Font Info:    ... okay on input line 172.
LaTeX Font Info:    Checking defaults for T1/cmr/m/n on input line 172.
LaTeX Font Info:    ... okay on input line 172.
LaTeX Font Info:    Checking defaults for TS1/cmr/m/n on input line 172.
LaTeX Font Info:    ... okay on input line 172.
LaTeX Font Info:    Checking defaults for OMX/cmex/m/n on input line 172.
LaTeX Font Info:    ... okay on input line 172.
LaTeX Font Info:    Checking defaults for U/cmr/m/n on input line 172.
LaTeX Font Info:    ... okay on input line 172.
LaTeX Font Info:    Checking defaults for PD1/pdf/m/n on input line 172.
LaTeX Font Info:    ... okay on input line 172.
LaTeX Font Info:    Checking defaults for PU/pdf/m/n on input line 172.
LaTeX Font Info:    ... okay on input line 172.
(c:/Users/vaylo/AppData/Roaming/TinyTeX/texmf-dist/tex/latex/epstopdf-pkg/epstopdf-base.sty
Package: epstopdf-base 2020-01-24 v2.11 Base part for package epstopdf
Package epstopdf-base Info: Redefining graphics rule for `.eps' on input line 485.
(c:/Users/vaylo/AppData/Roaming/TinyTeX/texmf-dist/tex/latex/latexconfig/epstopdf-sys.cfg
File: epstopdf-sys.cfg 2010/07/13 v1.3 Configuration of (r)epstopdf for TeX Live
))
*geometry* driver: auto-detecting
*geometry* detected driver: pdftex
*geometry* verbose mode - [ preamble ] result:
* driver: pdftex
* paper: <default>
* layout: <same size as paper>
* layoutoffset:(h,v)=(0.0pt,0.0pt)
* modes: 
* h-part:(L,W,R)=(72.26999pt, 469.75502pt, 72.26999pt)
* v-part:(T,H,B)=(72.26999pt, 650.43001pt, 72.26999pt)
* \paperwidth=614.295pt
* \paperheight=794.96999pt
* \textwidth=469.75502pt
* \textheight=650.43001pt
* \oddsidemargin=0.0pt
* \evensidemargin=0.0pt
* \topmargin=-37.0pt
* \headheight=12.0pt
* \headsep=25.0pt
* \topskip=10.0pt
* \footskip=30.0pt
* \marginparwidth=65.0pt
* \marginparsep=11.0pt
* \columnsep=10.0pt
* \skip\footins=9.0pt plus 4.0pt minus 2.0pt
* \hoffset=0.0pt
* \voffset=0.0pt
* \mag=1000
* \@twocolumnfalse
* \@twosidefalse
* \@mparswitchfalse
* \@reversemarginfalse
* (1in=72.27pt=25.4mm, 1cm=28.453pt)

Package hyperref Info: Link coloring OFF on input line 172.
<cover.png, id=4, 813.0375pt x 813.0375pt>
File: cover.png Graphic file (type png)
<use cover.png>
Package pdftex.def Info: cover.png  used on input line 193.
(pdftex.def)             Requested size: 216.81pt x 216.80615pt.
LaTeX Font Info:    Trying to load font information for OT1+lmr on input line 195.
(c:/Users/vaylo/AppData/Roaming/TinyTeX/texmf-dist/tex/latex/lm/ot1lmr.fd
File: ot1lmr.fd 2015/05/01 v1.6.1 Font defs for Latin Modern
)
LaTeX Font Info:    Trying to load font information for OML+lmm on input line 195.
(c:/Users/vaylo/AppData/Roaming/TinyTeX/texmf-dist/tex/latex/lm/omllmm.fd
File: omllmm.fd 2015/05/01 v1.6.1 Font defs for Latin Modern
)
LaTeX Font Info:    Trying to load font information for OMS+lmsy on input line 195.
(c:/Users/vaylo/AppData/Roaming/TinyTeX/texmf-dist/tex/latex/lm/omslmsy.fd
File: omslmsy.fd 2015/05/01 v1.6.1 Font defs for Latin Modern
)
LaTeX Font Info:    Trying to load font information for OMX+lmex on input line 195.
(c:/Users/vaylo/AppData/Roaming/TinyTeX/texmf-dist/tex/latex/lm/omxlmex.fd
File: omxlmex.fd 2015/05/01 v1.6.1 Font defs for Latin Modern
)
LaTeX Font Info:    External font `lmex10' loaded for size
(Font)              <12> on input line 195.
LaTeX Font Info:    External font `lmex10' loaded for size
(Font)              <8> on input line 195.
LaTeX Font Info:    External font `lmex10' loaded for size
(Font)              <6> on input line 195.
LaTeX Font Info:    Trying to load font information for U+msa on input line 195.
(c:/Users/vaylo/AppData/Roaming/TinyTeX/texmf-dist/tex/latex/amsfonts/umsa.fd
File: umsa.fd 2013/01/14 v3.01 AMS symbols A
)
LaTeX Font Info:    Trying to load font information for U+msb on input line 195.
(c:/Users/vaylo/AppData/Roaming/TinyTeX/texmf-dist/tex/latex/amsfonts/umsb.fd
File: umsb.fd 2013/01/14 v3.01 AMS symbols B
)
<hslu_logo.png, id=9, 438.63875pt x 69.76062pt>
File: hslu_logo.png Graphic file (type png)
<use hslu_logo.png>
Package pdftex.def Info: hslu_logo.png  used on input line 207.
(pdftex.def)             Requested size: 180.67499pt x 28.73508pt.


[1

{c:/Users/vaylo/AppData/Roaming/TinyTeX/texmf-var/fonts/map/pdftex/updmap/pdftex.map}{c:/Users/vaylo/AppData/Roaming/TinyTeX/texmf-dist/fonts/enc/dvips/lm/lm-ec.enc} <./cover.png> <./hslu_logo.png>]

[2]
No file Thesis-Vayloyan6.toc.
\tf@toc=\write4
\openout4 = `Thesis-Vayloyan6.toc'.



[3]
No file Thesis-Vayloyan6.lof.
\tf@lof=\write5
\openout5 = `Thesis-Vayloyan6.lof'.



[4]
No file Thesis-Vayloyan6.lot.
\tf@lot=\write6
\openout6 = `Thesis-Vayloyan6.lot'.



[5

]

LaTeX Warning: Citation `ref-centralbanknews2025' on page 1 undefined on input line 257.


LaTeX Warning: Citation `ref-ammousBTCstd' on page 1 undefined on input line 257.


LaTeX Warning: Citation `ref-catalini2022' on page 1 undefined on input line 261.




LaTeX Warning: Reference `LastPage' on page 1 undefined on input line 270.

[1]

LaTeX Warning: Citation `ref-baur2021' on page 2 undefined on input line 272.


LaTeX Warning: Citation `ref-lyons2020' on page 2 undefined on input line 272.


LaTeX Warning: Citation `ref-catalini2022' on page 2 undefined on input line 275.


LaTeX Warning: Citation `ref-baughman2022' on page 2 undefined on input line 275.


LaTeX Warning: Citation `ref-kosse2023' on page 2 undefined on input line 275.


LaTeX Warning: Reference `fig:AdoptionMap' on page 2 undefined on input line 279.

<Thesis-Vayloyan6_files/figure-latex/AdoptionMap-1.pdf, id=47, 402.50375pt x 158.5925pt>
File: Thesis-Vayloyan6_files/figure-latex/AdoptionMap-1.pdf Graphic file (type pdf)
<use Thesis-Vayloyan6_files/figure-latex/AdoptionMap-1.pdf>
Package pdftex.def Info: Thesis-Vayloyan6_files/figure-latex/AdoptionMap-1.pdf  used on input line 285.
(pdftex.def)             Requested size: 402.50276pt x 158.59209pt.

LaTeX Warning: Citation `ref-calvo2002' on page 2 undefined on input line 291.




LaTeX Warning: Reference `LastPage' on page 2 undefined on input line 292.

[2 <./Thesis-Vayloyan6_files/figure-latex/AdoptionMap-1.pdf>]

LaTeX Warning: Hyper reference `dependent-variable-bitcoin-adoption' on page 3 undefined on input line 297.


LaTeX Warning: Reference `fig:fig-btc' on page 3 undefined on input line 299.

<Thesis-Vayloyan6_files/figure-latex/fig-btc-1.pdf, id=65, 427.5975pt x 277.035pt>
File: Thesis-Vayloyan6_files/figure-latex/fig-btc-1.pdf Graphic file (type pdf)
<use Thesis-Vayloyan6_files/figure-latex/fig-btc-1.pdf>
Package pdftex.def Info: Thesis-Vayloyan6_files/figure-latex/fig-btc-1.pdf  used on input line 305.
(pdftex.def)             Requested size: 427.59645pt x 277.03432pt.



LaTeX Warning: Reference `LastPage' on page 3 undefined on input line 309.

[3]

LaTeX Warning: Citation `ref-bbc2021' on page 4 undefined on input line 311.


LaTeX Warning: Citation `ref-chainalysis2024' on page 4 undefined on input line 311.


LaTeX Warning: Citation `ref-kantonzug' on page 4 undefined on input line 311.


LaTeX Warning: Citation `ref-cryptodaily2025' on page 4 undefined on input line 311.




LaTeX Warning: Reference `LastPage' on page 4 undefined on input line 318.

[4 <./Thesis-Vayloyan6_files/figure-latex/fig-btc-1.pdf>]

LaTeX Warning: Citation `ref-calvo2002' on page 5 undefined on input line 321.




LaTeX Warning: Reference `LastPage' on page 5 undefined on input line 327.

[5]

LaTeX Warning: Hyper reference `literature-area-1-drivers-of-currency-substitution' on page 6 undefined on input line 331.


LaTeX Warning: Citation `ref-vieira2012' on page 6 undefined on input line 339.


LaTeX Warning: Citation `ref-rennhack2006' on page 6 undefined on input line 339.


LaTeX Warning: Citation `ref-honig2009' on page 6 undefined on input line 339.


LaTeX Warning: Citation `ref-kokenyne2010' on page 6 undefined on input line 339.


LaTeX Warning: Citation `ref-tasseven2015' on page 6 undefined on input line 339.


LaTeX Warning: Citation `ref-levy2021' on page 6 undefined on input line 339.


LaTeX Warning: Citation `ref-stix2011' on page 6 undefined on input line 339.


LaTeX Warning: Citation `ref-ju' on page 6 undefined on input line 343.


LaTeX Warning: Citation `ref-ajibola2021' on page 6 undefined on input line 343.


LaTeX Warning: Citation `ref-stix2011' on page 6 undefined on input line 343.




LaTeX Warning: Reference `LastPage' on page 6 undefined on input line 344.

[6]

LaTeX Warning: Citation `ref-vieira2012' on page 7 undefined on input line 347.


LaTeX Warning: Citation `ref-vieira2012' on page 7 undefined on input line 347.


LaTeX Warning: Citation `ref-vieira2012' on page 7 undefined on input line 347.


LaTeX Warning: Citation `ref-sims2001' on page 7 undefined on input line 347.


LaTeX Warning: Citation `ref-vieira2012' on page 7 undefined on input line 347.


LaTeX Warning: Citation `ref-guidotti1993' on page 7 undefined on input line 351.


LaTeX Warning: Citation `ref-ujunwa2021' on page 7 undefined on input line 351.




LaTeX Warning: Reference `LastPage' on page 7 undefined on input line 353.

[7]

LaTeX Warning: Hyper reference `literature-area-2-drivers-of-cryptocurrency-adoption' on page 8 undefined on input line 357.


LaTeX Warning: Citation `ref-conlon2021' on page 8 undefined on input line 361.


LaTeX Warning: Citation `ref-choi2022' on page 8 undefined on input line 361.


LaTeX Warning: Citation `ref-gaies2024' on page 8 undefined on input line 361.


LaTeX Warning: Citation `ref-phochanachan2022' on page 8 undefined on input line 361.


LaTeX Warning: Citation `ref-taskinsoy' on page 8 undefined on input line 361.


LaTeX Warning: Citation `ref-basher2022' on page 8 undefined on input line 363.


LaTeX Warning: Citation `ref-smales2024' on page 8 undefined on input line 363.


LaTeX Warning: Citation `ref-parino' on page 8 undefined on input line 363.


LaTeX Warning: Citation `ref-ricci2020' on page 8 undefined on input line 363.


LaTeX Warning: Citation `ref-voskobojnikov2020' on page 8 undefined on input line 367.


LaTeX Warning: Citation `ref-glaser2014' on page 8 undefined on input line 367.


LaTeX Warning: Citation `ref-lammer2019' on page 8 undefined on input line 371.


LaTeX Warning: Citation `ref-parino' on page 8 undefined on input line 371.


LaTeX Warning: Citation `ref-gemini2021' on page 8 undefined on input line 371.




LaTeX Warning: Reference `LastPage' on page 8 undefined on input line 372.

[8]

LaTeX Warning: Citation `ref-saurabh2017' on page 9 undefined on input line 375.


LaTeX Warning: Citation `ref-marmora2021' on page 9 undefined on input line 375.


LaTeX Warning: Citation `ref-macfarlane2021' on page 9 undefined on input line 377.


LaTeX Warning: Citation `ref-chainalysis2020' on page 9 undefined on input line 377.


LaTeX Warning: Citation `ref-alnasaa2022' on page 9 undefined on input line 377.


LaTeX Warning: Citation `ref-ruehmann2020' on page 9 undefined on input line 381.


LaTeX Warning: Citation `ref-dyhrberg2018' on page 9 undefined on input line 381.


LaTeX Warning: Citation `ref-folkinshteyn2015' on page 9 undefined on input line 381.


LaTeX Warning: Citation `ref-bbc2021' on page 9 undefined on input line 381.


LaTeX Warning: Citation `ref-worldbank2018' on page 9 undefined on input line 381.


LaTeX Warning: Citation `ref-ruchti' on page 9 undefined on input line 381.


LaTeX Warning: Citation `ref-mcnickel2024' on page 9 undefined on input line 381.




LaTeX Warning: Reference `LastPage' on page 9 undefined on input line 382.

[9]

LaTeX Warning: Citation `ref-carlson2016' on page 10 undefined on input line 385.


LaTeX Warning: Citation `ref-hu2021' on page 10 undefined on input line 385.


LaTeX Warning: Citation `ref-viglione2015' on page 10 undefined on input line 385.


LaTeX Warning: Citation `ref-alnasaa2022' on page 10 undefined on input line 385.

LaTeX Font Info:    External font `lmex10' loaded for size
(Font)              <10> on input line 385.
LaTeX Font Info:    External font `lmex10' loaded for size
(Font)              <7> on input line 385.
LaTeX Font Info:    External font `lmex10' loaded for size
(Font)              <5> on input line 385.

LaTeX Warning: Reference `predictors-independent-and-control-variables' on page 10 undefined on input line 385.




LaTeX Warning: Reference `LastPage' on page 10 undefined on input line 387.

[10]


LaTeX Warning: Reference `LastPage' on page 11 undefined on input line 419.

[11{c:/Users/vaylo/AppData/Roaming/TinyTeX/texmf-dist/fonts/enc/dvips/lm/lm-mathit.enc}{c:/Users/vaylo/AppData/Roaming/TinyTeX/texmf-dist/fonts/enc/dvips/lm/lm-rm.enc}{c:/Users/vaylo/AppData/Roaming/TinyTeX/texmf-dist/fonts/enc/dvips/lm/lm-mathsy.enc}]


LaTeX Warning: Reference `LastPage' on page 12 undefined on input line 450.

[12]

LaTeX Warning: Hyper reference `underlying-data' on page 13 undefined on input line 457.


LaTeX Warning: Reference `model-1-linear-regression-no-transformation' on page 13 undefined on input line 461.


LaTeX Warning: Reference `exploratory-data-analysis' on page 13 undefined on input line 476.




LaTeX Warning: Reference `LastPage' on page 13 undefined on input line 477.

[13]
LaTeX Font Info:    Trying to load font information for TS1+lmr on input line 492.
(c:/Users/vaylo/AppData/Roaming/TinyTeX/texmf-dist/tex/latex/lm/ts1lmr.fd
File: ts1lmr.fd 2015/05/01 v1.6.1 Font defs for Latin Modern
)

LaTeX Warning: Reference `fig:fig-worldmap-selected' on page 14 undefined on input line 499.


LaTeX Warning: Citation `ref-statista_adoption' on page 14 undefined on input line 499.

<Thesis-Vayloyan6_files/figure-latex/fig-worldmap-selected-1.pdf, id=151, 403.5075pt x 145.54375pt>
File: Thesis-Vayloyan6_files/figure-latex/fig-worldmap-selected-1.pdf Graphic file (type pdf)
<use Thesis-Vayloyan6_files/figure-latex/fig-worldmap-selected-1.pdf>
Package pdftex.def Info: Thesis-Vayloyan6_files/figure-latex/fig-worldmap-selected-1.pdf  used on input line 505.
(pdftex.def)             Requested size: 403.50652pt x 145.54338pt.



LaTeX Warning: Reference `LastPage' on page 14 undefined on input line 507.

[14{c:/Users/vaylo/AppData/Roaming/TinyTeX/texmf-dist/fonts/enc/dvips/lm/lm-ts1.enc}]


LaTeX Warning: Reference `LastPage' on page 15 undefined on input line 511.

[15 <./Thesis-Vayloyan6_files/figure-latex/fig-worldmap-selected-1.pdf>]

LaTeX Warning: Citation `ref-statista_adoption' on page 16 undefined on input line 519.


LaTeX Warning: Reference `tab:Adoption' on page 16 undefined on input line 519.


LaTeX Warning: Citation `ref-statista2020' on page 16 undefined on input line 521.


LaTeX Warning: Reference `tab:datatable' on page 16 undefined on input line 548.


LaTeX Warning: `!h' float specifier changed to `!ht'.


LaTeX Warning: Citation `ref-mitchell2019' on page 16 undefined on input line 579.




LaTeX Warning: Reference `LastPage' on page 16 undefined on input line 580.

[16]

LaTeX Warning: Citation `ref-u.s.departmentofthetreasury2022' on page 17 undefined on input line 583.


LaTeX Warning: Citation `ref-buscaglia2003' on page 17 undefined on input line 583.


LaTeX Warning: Citation `ref-mazzitelli2007' on page 17 undefined on input line 583.


LaTeX Warning: Citation `ref-centerforthestudyofdemocracy2010' on page 17 undefined on input line 583.


LaTeX Warning: Citation `ref-politica2024' on page 17 undefined on input line 583.


LaTeX Warning: Citation `ref-politica2024' on page 17 undefined on input line 583.


LaTeX Warning: Citation `ref-olin' on page 17 undefined on input line 583.


LaTeX Warning: Citation `ref-politica2024' on page 17 undefined on input line 585.


LaTeX Warning: Hyper reference `capital-controls' on page 17 undefined on input line 589.


LaTeX Warning: Citation `ref-fernandez2016' on page 17 undefined on input line 589.


LaTeX Warning: Citation `ref-imf2024' on page 17 undefined on input line 589.




LaTeX Warning: Reference `LastPage' on page 17 undefined on input line 590.

[17]

LaTeX Warning: Reference `tab:d' on page 18 undefined on input line 591.


Overfull \hbox (4.46365pt too wide) in paragraph at lines 614--614
[]|\T1/lmr/m/n/10 Afghanistan|  
 []


LaTeX Warning: Reference `tab:tbl-ind-head-CC' on page 18 undefined on input line 617.




LaTeX Warning: Reference `LastPage' on page 18 undefined on input line 646.

[18]

LaTeX Warning: Citation `ref-statistaArgentinaInflation' on page 19 undefined on input line 660.


LaTeX Warning: Citation `ref-nigeria' on page 19 undefined on input line 662.


LaTeX Warning: Citation `ref-ceicdata2025' on page 19 undefined on input line 664.


LaTeX Warning: Citation `ref-schwarz2024' on page 19 undefined on input line 669.


LaTeX Warning: Reference `tab:tblMCAR' on page 19 undefined on input line 669.




LaTeX Warning: Reference `LastPage' on page 19 undefined on input line 670.

[19]

LaTeX Warning: Reference `fig:md-dCC' on page 20 undefined on input line 691.


LaTeX Warning: Reference `interpretation-of-missing-data-pattern-figure' on page 20 undefined on input line 691.

<Thesis-Vayloyan6_files/figure-latex/md-dCC-1.pdf, id=202, 288.07625pt x 90.3375pt>
File: Thesis-Vayloyan6_files/figure-latex/md-dCC-1.pdf Graphic file (type pdf)
<use Thesis-Vayloyan6_files/figure-latex/md-dCC-1.pdf>
Package pdftex.def Info: Thesis-Vayloyan6_files/figure-latex/md-dCC-1.pdf  used on input line 695.
(pdftex.def)             Requested size: 288.07553pt x 90.33727pt.

LaTeX Warning: Reference `fig:md-Adoption' on page 20 undefined on input line 701.


LaTeX Warning: Reference `fig:md-ED-GDP' on page 20 undefined on input line 701.


LaTeX Warning: Reference `appendix-2-missing-data-patterns' on page 20 undefined on input line 701.




LaTeX Warning: Reference `LastPage' on page 20 undefined on input line 703.

[20 <./Thesis-Vayloyan6_files/figure-latex/md-dCC-1.pdf>]


LaTeX Warning: Reference `LastPage' on page 21 undefined on input line 730.

[21]

LaTeX Warning: Reference `fig:bw-Adoption' on page 22 undefined on input line 742.


LaTeX Warning: Reference `fig:hist-Adoption' on page 22 undefined on input line 742.

<Thesis-Vayloyan6_files/figure-latex/bw-Adoption-1.pdf, id=226, 279.0425pt x 204.765pt>
File: Thesis-Vayloyan6_files/figure-latex/bw-Adoption-1.pdf Graphic file (type pdf)
<use Thesis-Vayloyan6_files/figure-latex/bw-Adoption-1.pdf>
Package pdftex.def Info: Thesis-Vayloyan6_files/figure-latex/bw-Adoption-1.pdf  used on input line 748.
(pdftex.def)             Requested size: 279.04181pt x 204.76448pt.
<Thesis-Vayloyan6_files/figure-latex/hist-Adoption-1.pdf, id=227, 279.0425pt x 199.74625pt>
File: Thesis-Vayloyan6_files/figure-latex/hist-Adoption-1.pdf Graphic file (type pdf)
<use Thesis-Vayloyan6_files/figure-latex/hist-Adoption-1.pdf>
Package pdftex.def Info: Thesis-Vayloyan6_files/figure-latex/hist-Adoption-1.pdf  used on input line 754.
(pdftex.def)             Requested size: 279.04181pt x 199.74576pt.



LaTeX Warning: Reference `LastPage' on page 22 undefined on input line 758.

[22 <./Thesis-Vayloyan6_files/figure-latex/bw-Adoption-1.pdf>]


LaTeX Warning: Reference `LastPage' on page 23 undefined on input line 759.

[23 <./Thesis-Vayloyan6_files/figure-latex/hist-Adoption-1.pdf>]

LaTeX Warning: Reference `fig:bw-Inflation' on page 24 undefined on input line 763.


LaTeX Warning: Reference `fig:hist-inf' on page 24 undefined on input line 763.

<Thesis-Vayloyan6_files/figure-latex/bw-Inflation-1.pdf, id=257, 279.0425pt x 204.765pt>
File: Thesis-Vayloyan6_files/figure-latex/bw-Inflation-1.pdf Graphic file (type pdf)
<use Thesis-Vayloyan6_files/figure-latex/bw-Inflation-1.pdf>
Package pdftex.def Info: Thesis-Vayloyan6_files/figure-latex/bw-Inflation-1.pdf  used on input line 769.
(pdftex.def)             Requested size: 279.04181pt x 204.76448pt.
<Thesis-Vayloyan6_files/figure-latex/hist-inf-1.pdf, id=258, 282.05376pt x 199.74625pt>
File: Thesis-Vayloyan6_files/figure-latex/hist-inf-1.pdf Graphic file (type pdf)
<use Thesis-Vayloyan6_files/figure-latex/hist-inf-1.pdf>
Package pdftex.def Info: Thesis-Vayloyan6_files/figure-latex/hist-inf-1.pdf  used on input line 777.
(pdftex.def)             Requested size: 282.05305pt x 199.74576pt.



LaTeX Warning: Reference `LastPage' on page 24 undefined on input line 782.

[24

 <./Thesis-Vayloyan6_files/figure-latex/bw-Inflation-1.pdf> <./Thesis-Vayloyan6_files/figure-latex/hist-inf-1.pdf>]

LaTeX Warning: Reference `fig:bw-GDS' on page 25 undefined on input line 786.


LaTeX Warning: Reference `fig:hist-GDS' on page 25 undefined on input line 786.

<Thesis-Vayloyan6_files/figure-latex/bw-GDS-1.pdf, id=282, 279.0425pt x 204.765pt>
File: Thesis-Vayloyan6_files/figure-latex/bw-GDS-1.pdf Graphic file (type pdf)
<use Thesis-Vayloyan6_files/figure-latex/bw-GDS-1.pdf>
Package pdftex.def Info: Thesis-Vayloyan6_files/figure-latex/bw-GDS-1.pdf  used on input line 792.
(pdftex.def)             Requested size: 279.04181pt x 204.76448pt.
<Thesis-Vayloyan6_files/figure-latex/hist-GDS-1.pdf, id=283, 279.0425pt x 199.74625pt>
File: Thesis-Vayloyan6_files/figure-latex/hist-GDS-1.pdf Graphic file (type pdf)
<use Thesis-Vayloyan6_files/figure-latex/hist-GDS-1.pdf>
Package pdftex.def Info: Thesis-Vayloyan6_files/figure-latex/hist-GDS-1.pdf  used on input line 800.
(pdftex.def)             Requested size: 279.04181pt x 199.74576pt.



LaTeX Warning: Reference `LastPage' on page 25 undefined on input line 805.

[25

 <./Thesis-Vayloyan6_files/figure-latex/bw-GDS-1.pdf> <./Thesis-Vayloyan6_files/figure-latex/hist-GDS-1.pdf>]

LaTeX Warning: Reference `fig:bw-GDP' on page 26 undefined on input line 809.


LaTeX Warning: Reference `fig:hist-GDP' on page 26 undefined on input line 809.

<Thesis-Vayloyan6_files/figure-latex/bw-GDP-1.pdf, id=308, 279.0425pt x 206.7725pt>
File: Thesis-Vayloyan6_files/figure-latex/bw-GDP-1.pdf Graphic file (type pdf)
<use Thesis-Vayloyan6_files/figure-latex/bw-GDP-1.pdf>
Package pdftex.def Info: Thesis-Vayloyan6_files/figure-latex/bw-GDP-1.pdf  used on input line 815.
(pdftex.def)             Requested size: 279.04181pt x 206.77199pt.
<Thesis-Vayloyan6_files/figure-latex/hist-GDP-1.pdf, id=309, 284.06125pt x 199.74625pt>
File: Thesis-Vayloyan6_files/figure-latex/hist-GDP-1.pdf Graphic file (type pdf)
<use Thesis-Vayloyan6_files/figure-latex/hist-GDP-1.pdf>
Package pdftex.def Info: Thesis-Vayloyan6_files/figure-latex/hist-GDP-1.pdf  used on input line 823.
(pdftex.def)             Requested size: 284.06053pt x 199.74576pt.



LaTeX Warning: Reference `LastPage' on page 26 undefined on input line 828.

[26

 <./Thesis-Vayloyan6_files/figure-latex/bw-GDP-1.pdf> <./Thesis-Vayloyan6_files/figure-latex/hist-GDP-1.pdf>]

LaTeX Warning: Reference `fig:bw-Corruption' on page 27 undefined on input line 832.


LaTeX Warning: Reference `fig:hist-Corruption' on page 27 undefined on input line 832.

<Thesis-Vayloyan6_files/figure-latex/bw-Corruption-1.pdf, id=334, 279.0425pt x 204.765pt>
File: Thesis-Vayloyan6_files/figure-latex/bw-Corruption-1.pdf Graphic file (type pdf)
<use Thesis-Vayloyan6_files/figure-latex/bw-Corruption-1.pdf>
Package pdftex.def Info: Thesis-Vayloyan6_files/figure-latex/bw-Corruption-1.pdf  used on input line 838.
(pdftex.def)             Requested size: 279.04181pt x 204.76448pt.
<Thesis-Vayloyan6_files/figure-latex/hist-Corruption-1.pdf, id=335, 279.0425pt x 199.74625pt>
File: Thesis-Vayloyan6_files/figure-latex/hist-Corruption-1.pdf Graphic file (type pdf)
<use Thesis-Vayloyan6_files/figure-latex/hist-Corruption-1.pdf>
Package pdftex.def Info: Thesis-Vayloyan6_files/figure-latex/hist-Corruption-1.pdf  used on input line 846.
(pdftex.def)             Requested size: 279.04181pt x 199.74576pt.



LaTeX Warning: Reference `LastPage' on page 27 undefined on input line 851.

[27

 <./Thesis-Vayloyan6_files/figure-latex/bw-Corruption-1.pdf> <./Thesis-Vayloyan6_files/figure-latex/hist-Corruption-1.pdf>]

LaTeX Warning: Reference `fig:bw-RR' on page 28 undefined on input line 855.


LaTeX Warning: Reference `fig:hist-RR' on page 28 undefined on input line 855.

<Thesis-Vayloyan6_files/figure-latex/bw-RR-1.pdf, id=359, 279.0425pt x 204.765pt>
File: Thesis-Vayloyan6_files/figure-latex/bw-RR-1.pdf Graphic file (type pdf)
<use Thesis-Vayloyan6_files/figure-latex/bw-RR-1.pdf>
Package pdftex.def Info: Thesis-Vayloyan6_files/figure-latex/bw-RR-1.pdf  used on input line 861.
(pdftex.def)             Requested size: 279.04181pt x 204.76448pt.
<Thesis-Vayloyan6_files/figure-latex/hist-RR-1.pdf, id=360, 282.05376pt x 199.74625pt>
File: Thesis-Vayloyan6_files/figure-latex/hist-RR-1.pdf Graphic file (type pdf)
<use Thesis-Vayloyan6_files/figure-latex/hist-RR-1.pdf>
Package pdftex.def Info: Thesis-Vayloyan6_files/figure-latex/hist-RR-1.pdf  used on input line 869.
(pdftex.def)             Requested size: 282.05305pt x 199.74576pt.



LaTeX Warning: Reference `LastPage' on page 28 undefined on input line 874.

[28

 <./Thesis-Vayloyan6_files/figure-latex/bw-RR-1.pdf> <./Thesis-Vayloyan6_files/figure-latex/hist-RR-1.pdf>]

LaTeX Warning: Reference `fig:bw-CC' on page 29 undefined on input line 878.


LaTeX Warning: Reference `fig:hist-CC' on page 29 undefined on input line 878.

<Thesis-Vayloyan6_files/figure-latex/bw-CC-1.pdf, id=384, 279.0425pt x 204.765pt>
File: Thesis-Vayloyan6_files/figure-latex/bw-CC-1.pdf Graphic file (type pdf)
<use Thesis-Vayloyan6_files/figure-latex/bw-CC-1.pdf>
Package pdftex.def Info: Thesis-Vayloyan6_files/figure-latex/bw-CC-1.pdf  used on input line 884.
(pdftex.def)             Requested size: 279.04181pt x 204.76448pt.
<Thesis-Vayloyan6_files/figure-latex/hist-CC-1.pdf, id=385, 279.0425pt x 199.74625pt>
File: Thesis-Vayloyan6_files/figure-latex/hist-CC-1.pdf Graphic file (type pdf)
<use Thesis-Vayloyan6_files/figure-latex/hist-CC-1.pdf>
Package pdftex.def Info: Thesis-Vayloyan6_files/figure-latex/hist-CC-1.pdf  used on input line 892.
(pdftex.def)             Requested size: 279.04181pt x 199.74576pt.



LaTeX Warning: Reference `LastPage' on page 29 undefined on input line 897.

[29

 <./Thesis-Vayloyan6_files/figure-latex/bw-CC-1.pdf> <./Thesis-Vayloyan6_files/figure-latex/hist-CC-1.pdf>]

LaTeX Warning: Reference `fig:bw-ED-GDP' on page 30 undefined on input line 901.


LaTeX Warning: Reference `fig:hist-ED-GDP' on page 30 undefined on input line 901.

<Thesis-Vayloyan6_files/figure-latex/bw-ED-GDP-1.pdf, id=409, 279.0425pt x 204.765pt>
File: Thesis-Vayloyan6_files/figure-latex/bw-ED-GDP-1.pdf Graphic file (type pdf)
<use Thesis-Vayloyan6_files/figure-latex/bw-ED-GDP-1.pdf>
Package pdftex.def Info: Thesis-Vayloyan6_files/figure-latex/bw-ED-GDP-1.pdf  used on input line 907.
(pdftex.def)             Requested size: 279.04181pt x 204.76448pt.
<Thesis-Vayloyan6_files/figure-latex/hist-ED-GDP-1.pdf, id=410, 279.0425pt x 199.74625pt>
File: Thesis-Vayloyan6_files/figure-latex/hist-ED-GDP-1.pdf Graphic file (type pdf)
<use Thesis-Vayloyan6_files/figure-latex/hist-ED-GDP-1.pdf>
Package pdftex.def Info: Thesis-Vayloyan6_files/figure-latex/hist-ED-GDP-1.pdf  used on input line 915.
(pdftex.def)             Requested size: 279.04181pt x 199.74576pt.



LaTeX Warning: Reference `LastPage' on page 30 undefined on input line 920.

[30

 <./Thesis-Vayloyan6_files/figure-latex/bw-ED-GDP-1.pdf> <./Thesis-Vayloyan6_files/figure-latex/hist-ED-GDP-1.pdf>]

LaTeX Warning: Citation `ref-statisticssolutions' on page 31 undefined on input line 924.


LaTeX Warning: Reference `fig:corr-heatmap-show' on page 31 undefined on input line 924.


LaTeX Warning: Reference `fig:corr-heatmap-show' on page 31 undefined on input line 924.


LaTeX Warning: Citation `ref-statisticssolutions' on page 31 undefined on input line 924.

<Thesis-Vayloyan6_files/figure-latex/corr-heatmap-show-1.pdf, id=436, 453.695pt x 313.17pt>
File: Thesis-Vayloyan6_files/figure-latex/corr-heatmap-show-1.pdf Graphic file (type pdf)
<use Thesis-Vayloyan6_files/figure-latex/corr-heatmap-show-1.pdf>
Package pdftex.def Info: Thesis-Vayloyan6_files/figure-latex/corr-heatmap-show-1.pdf  used on input line 928.
(pdftex.def)             Requested size: 453.6939pt x 313.16922pt.

LaTeX Warning: Reference `exploratory-data-analysis' on page 31 undefined on input line 934.


LaTeX Warning: Citation `ref-featureengine' on page 31 undefined on input line 934.




LaTeX Warning: Reference `LastPage' on page 31 undefined on input line 935.

[31

 <./Thesis-Vayloyan6_files/figure-latex/corr-heatmap-show-1.pdf>]
! Missing $ inserted.
<inserted text> 
                $
l.962 ED_
         GDP & -0.16\\ 
Here is how much of TeX's memory you used:
 14915 strings out of 475172
 242264 string characters out of 5764330
 649554 words of memory out of 5000000
 37504 multiletter control sequences out of 15000+600000
 632149 words of font info for 86 fonts, out of 8000000 for 9000
 14 hyphenation exceptions out of 8191
 89i,12n,93p,1769b,544s stack positions out of 10000i,1000n,20000p,200000b,200000s

!  ==> Fatal error occurred, no output PDF file produced!
